{
  "RSpec": {
    "coverage": {
      "/Users/dawson/Farmboard/farm_board_be/spec/mailers/notifier_spec.rb": {
        "lines": [
          1,
          null,
          1,
          1,
          null
        ]
      },
      "/Users/dawson/Farmboard/farm_board_be/spec/rails_helper.rb": {
        "lines": [
          null,
          1,
          1,
          1,
          null,
          1,
          1,
          1,
          null,
          null,
          null,
          null,
          null,
          null,
          null,
          null,
          null,
          null,
          null,
          null,
          null,
          null,
          null,
          null,
          null,
          null,
          null,
          null,
          1,
          null,
          0,
          null,
          1,
          null,
          1,
          null,
          null,
          null,
          null,
          null,
          null,
          1,
          null,
          null,
          null,
          null,
          null,
          null,
          null,
          null,
          null,
          null,
          null,
          null,
          null,
          null,
          null,
          null,
          null,
          1,
          null,
          null,
          1,
          null,
          null,
          null,
          null,
          1,
          1,
          1,
          1,
          null,
          null
        ]
      },
      "/Users/dawson/Farmboard/farm_board_be/config/environment.rb": {
        "lines": [
          null,
          1,
          null,
          null,
          1
        ]
      },
      "/Users/dawson/Farmboard/farm_board_be/config/application.rb": {
        "lines": [
          1,
          null,
          1,
          null,
          1,
          1,
          1,
          1,
          1,
          1,
          1,
          1,
          1,
          1,
          null,
          null,
          null,
          null,
          1,
          null,
          1,
          1,
          null,
          1,
          null,
          null,
          null,
          null,
          1,
          null,
          null,
          null,
          null,
          null,
          null,
          null,
          null,
          null,
          null,
          null,
          null,
          1,
          1,
          1,
          null,
          null
        ]
      },
      "/Users/dawson/Farmboard/farm_board_be/config/boot.rb": {
        "lines": [
          1,
          null,
          1,
          1
        ]
      },
      "/Users/dawson/Farmboard/farm_board_be/config/environments/test.rb": {
        "lines": [
          1,
          null,
          null,
          null,
          null,
          null,
          null,
          1,
          null,
          null,
          null,
          1,
          null,
          null,
          null,
          null,
          null,
          1,
          null,
          null,
          1,
          1,
          null,
          null,
          null,
          null,
          1,
          1,
          1,
          null,
          null,
          1,
          null,
          null,
          1,
          null,
          null,
          1,
          null,
          1,
          null,
          null,
          null,
          null,
          1,
          null,
          null,
          1,
          null,
          null,
          1,
          null,
          null,
          1,
          null,
          null,
          null,
          null,
          null,
          null,
          null,
          null,
          1,
          null
        ]
      },
      "/Users/dawson/Farmboard/farm_board_be/config/initializers/cors.rb": {
        "lines": [
          null,
          null,
          null,
          null,
          null,
          null,
          null,
          1,
          1,
          1,
          null,
          1,
          null,
          null,
          null,
          null,
          null,
          null
        ]
      },
      "/Users/dawson/Farmboard/farm_board_be/config/initializers/devise.rb": {
        "lines": [
          null,
          null,
          null,
          null,
          null,
          null,
          null,
          null,
          null,
          null,
          1,
          null,
          null,
          null,
          null,
          null,
          null,
          null,
          null,
          null,
          null,
          null,
          null,
          null,
          null,
          null,
          1,
          null,
          null,
          1,
          null,
          null,
          null,
          null,
          null,
          null,
          null,
          null,
          1,
          null,
          null,
          null,
          null,
          null,
          null,
          null,
          null,
          null,
          null,
          null,
          null,
          null,
          null,
          null,
          null,
          null,
          null,
          null,
          null,
          null,
          1,
          null,
          null,
          null,
          null,
          1,
          null,
          null,
          null,
          null,
          null,
          null,
          null,
          null,
          null,
          null,
          null,
          null,
          null,
          null,
          null,
          null,
          null,
          null,
          null,
          null,
          null,
          null,
          null,
          null,
          null,
          null,
          null,
          null,
          null,
          null,
          null,
          null,
          null,
          1,
          null,
          null,
          null,
          null,
          null,
          null,
          null,
          null,
          null,
          null,
          null,
          null,
          null,
          null,
          null,
          null,
          null,
          null,
          null,
          null,
          null,
          null,
          null,
          null,
          null,
          1,
          null,
          null,
          null,
          null,
          null,
          null,
          null,
          null,
          null,
          null,
          null,
          null,
          null,
          null,
          null,
          null,
          null,
          null,
          null,
          null,
          null,
          null,
          null,
          null,
          null,
          null,
          null,
          null,
          null,
          null,
          null,
          null,
          null,
          1,
          null,
          null,
          1,
          null,
          null,
          null,
          null,
          null,
          null,
          1,
          null,
          null,
          null,
          null,
          null,
          null,
          null,
          null,
          null,
          null,
          1,
          null,
          null,
          null,
          null,
          1,
          null,
          null,
          null,
          null,
          null,
          null,
          null,
          null,
          null,
          null,
          null,
          null,
          null,
          null,
          null,
          null,
          null,
          null,
          null,
          null,
          null,
          null,
          null,
          null,
          null,
          null,
          null,
          null,
          null,
          null,
          null,
          null,
          null,
          null,
          null,
          1,
          null,
          null,
          null,
          null,
          1,
          null,
          null,
          null,
          null,
          null,
          null,
          null,
          null,
          null,
          null,
          null,
          null,
          null,
          null,
          null,
          null,
          null,
          null,
          null,
          null,
          null,
          null,
          null,
          null,
          null,
          null,
          null,
          null,
          null,
          null,
          null,
          null,
          null,
          null,
          null,
          null,
          null,
          null,
          1,
          null,
          null,
          1,
          null,
          null,
          null,
          null,
          null,
          null,
          null,
          null,
          null,
          null,
          null,
          null,
          null,
          null,
          null,
          null,
          null,
          null,
          null,
          null,
          null,
          null,
          null,
          null,
          null,
          null,
          null,
          null,
          null,
          null,
          null,
          null,
          null,
          null,
          null,
          1,
          1,
          null,
          null,
          null,
          null,
          null,
          null,
          1,
          1,
          1,
          null,
          null,
          1,
          null,
          null,
          1,
          null,
          null
        ]
      },
      "/Users/dawson/Farmboard/farm_board_be/config/initializers/filter_parameter_logging.rb": {
        "lines": [
          null,
          null,
          null,
          null,
          null,
          1,
          null,
          null
        ]
      },
      "/Users/dawson/Farmboard/farm_board_be/config/initializers/inflections.rb": {
        "lines": [
          null,
          null,
          null,
          null,
          null,
          null,
          null,
          null,
          null,
          null,
          null,
          null,
          null,
          null,
          null,
          null
        ]
      },
      "/Users/dawson/Farmboard/farm_board_be/config/routes.rb": {
        "lines": [
          1,
          1,
          1,
          1,
          1,
          1,
          1,
          1,
          1,
          1,
          1,
          1,
          1,
          null,
          1,
          1,
          1,
          1,
          1,
          1,
          1,
          1,
          1,
          1,
          null,
          null,
          1,
          null,
          1,
          1,
          1,
          null,
          1,
          1,
          1,
          1,
          null,
          1,
          1,
          1,
          1,
          null,
          1,
          1,
          1,
          null,
          null,
          null,
          null,
          null
        ]
      },
      "/Users/dawson/Farmboard/farm_board_be/app/models/user.rb": {
        "lines": [
          1,
          1,
          1,
          1,
          1,
          1,
          null,
          null,
          null,
          1,
          null,
          null,
          1,
          0,
          0,
          0,
          null,
          null,
          1,
          0,
          0,
          0,
          null,
          null,
          null
        ]
      },
      "/Users/dawson/Farmboard/farm_board_be/app/models/application_record.rb": {
        "lines": [
          1,
          1,
          null
        ]
      },
      "/Users/dawson/Farmboard/farm_board_be/app/mailers/notifier_mailer.rb": {
        "lines": [
          1,
          1,
          0,
          null,
          null,
          null,
          null,
          null
        ]
      },
      "/Users/dawson/Farmboard/farm_board_be/app/mailers/application_mailer.rb": {
        "lines": [
          1,
          1,
          1,
          null,
          1,
          0,
          null,
          null
        ]
      },
      "/Users/dawson/Farmboard/farm_board_be/spec/models/accommodation_spec.rb": {
        "lines": [
          1,
          null,
          1,
          1,
          2,
          null,
          null
        ]
      },
      "/Users/dawson/Farmboard/farm_board_be/app/models/accommodation.rb": {
        "lines": [
          1,
          1,
          null
        ]
      },
      "/Users/dawson/Farmboard/farm_board_be/spec/models/employee_spec.rb": {
        "lines": [
          1,
          null,
          1,
          1,
          2,
          2,
          null,
          null
        ]
      },
      "/Users/dawson/Farmboard/farm_board_be/app/models/employee.rb": {
        "lines": [
          1,
          1,
          1,
          1,
          1,
          null
        ]
      },
      "/Users/dawson/Farmboard/farm_board_be/spec/models/experience_spec.rb": {
        "lines": [
          1,
          null,
          1,
          1,
          2,
          null,
          null
        ]
      },
      "/Users/dawson/Farmboard/farm_board_be/app/models/experience.rb": {
        "lines": [
          1,
          1,
          null
        ]
      },
      "/Users/dawson/Farmboard/farm_board_be/spec/models/farm_spec.rb": {
        "lines": [
          1,
          null,
          1,
          1,
          2,
          2,
          null,
          null
        ]
      },
      "/Users/dawson/Farmboard/farm_board_be/app/models/farm.rb": {
        "lines": [
          1,
          1,
          1,
          1,
          1,
          1,
          1,
          null
        ]
      },
      "/Users/dawson/Farmboard/farm_board_be/spec/models/posting_employee_spec.rb": {
        "lines": [
          1,
          null,
          1,
          1,
          2,
          2,
          null,
          null
        ]
      },
      "/Users/dawson/Farmboard/farm_board_be/app/models/posting_employee.rb": {
        "lines": [
          1,
          1,
          1,
          null
        ]
      },
      "/Users/dawson/Farmboard/farm_board_be/spec/models/posting_spec.rb": {
        "lines": [
          1,
          null,
          1,
          1,
          2,
          2,
          null,
          null
        ]
      },
      "/Users/dawson/Farmboard/farm_board_be/app/models/posting.rb": {
        "lines": [
          1,
          1,
          1,
          null
        ]
      },
      "/Users/dawson/Farmboard/farm_board_be/spec/models/reference_spec.rb": {
        "lines": [
          1,
          null,
          1,
          1,
          2,
          null,
          null
        ]
      },
      "/Users/dawson/Farmboard/farm_board_be/app/models/reference.rb": {
        "lines": [
          1,
          1,
          null
        ]
      },
      "/Users/dawson/Farmboard/farm_board_be/spec/models/user_spec.rb": {
        "lines": [
          1,
          null,
          1,
          1,
          2,
          2,
          null,
          null,
          1,
          2,
          2,
          2,
          null,
          null
        ]
      },
      "/Users/dawson/Farmboard/farm_board_be/spec/requests/api/v1/accommodation_request_spec.rb": {
        "lines": [
          1,
          null,
          1,
          1,
          5,
          5,
          5,
          null,
          5,
          5,
          null,
          5,
          5,
          null,
          null,
          1,
          1,
          1,
          1,
          null,
          1,
          1,
          1,
          1,
          1,
          1,
          1,
          null,
          null,
          null,
          1,
          1,
          1,
          null,
          1,
          null,
          null,
          null,
          null,
          1,
          1,
          1,
          1,
          1,
          null,
          1,
          null,
          null,
          null,
          null,
          1,
          1,
          1,
          1,
          null,
          1,
          1,
          null,
          1,
          1,
          null,
          1,
          1,
          null,
          1,
          null,
          1,
          1,
          1,
          null,
          null,
          null,
          null,
          1,
          1,
          1,
          1,
          null,
          1,
          null,
          1,
          1,
          null,
          null,
          null,
          null
        ]
      },
      "/Users/dawson/Farmboard/farm_board_be/spec/requests/api/v1/employee_request_spec.rb": {
        "lines": [
          1,
          null,
          1,
          1,
          3,
          3,
          3,
          null,
          3,
          3,
          3,
          null,
          null,
          1,
          1,
          1,
          null,
          1,
          1,
          1,
          1,
          1,
          1,
          1,
          1,
          1,
          1,
          null,
          null,
          1,
          1,
          null,
          1,
          1,
          1,
          1,
          1,
          1,
          1,
          1,
          1,
          1,
          null,
          null,
          null,
          1,
          1,
          1,
          1,
          1,
          null,
          1,
          null,
          1,
          null,
          1,
          1,
          null,
          null,
          null,
          null
        ]
      },
      "/Users/dawson/Farmboard/farm_board_be/spec/requests/api/v1/experiences_request_spec.rb": {
        "lines": [
          1,
          null,
          1,
          1,
          9,
          9,
          9,
          null,
          9,
          9,
          9,
          null,
          9,
          9,
          null,
          null,
          1,
          1,
          1,
          null,
          1,
          1,
          1,
          null,
          null,
          null,
          1,
          1,
          1,
          null,
          1,
          1,
          1,
          null,
          null,
          1,
          1,
          null,
          1,
          null,
          null,
          null,
          1,
          1,
          null,
          1,
          null,
          null,
          null,
          null,
          1,
          null,
          1,
          1,
          1,
          null,
          null,
          1,
          1,
          1,
          null,
          1,
          null,
          null,
          null,
          1,
          1,
          1,
          1,
          null,
          1,
          1,
          1,
          null,
          null,
          1,
          1,
          null,
          1,
          null,
          null,
          null,
          1,
          1,
          1,
          null,
          1,
          1,
          null,
          null,
          1,
          1,
          null,
          1,
          null,
          null,
          null
        ]
      },
      "/Users/dawson/Farmboard/farm_board_be/spec/requests/api/v1/farms_controller_spec.rb": {
        "lines": [
          1,
          null,
          1,
          1,
          2,
          2,
          2,
          2,
          null,
          1,
          null,
          null,
          null,
          1,
          null,
          null,
          1,
          null,
          1,
          1,
          1,
          null,
          null,
          null
        ]
      },
      "/Users/dawson/Farmboard/farm_board_be/app/controllers/api/v1/farms_controller.rb": {
        "lines": [
          1,
          1,
          null,
          1,
          0,
          0,
          0,
          0,
          null,
          null,
          null,
          0,
          null,
          null,
          0,
          null,
          null,
          0,
          0,
          0,
          null,
          null,
          0,
          null,
          null,
          0,
          null,
          null,
          null,
          null,
          null,
          null,
          0,
          null,
          null,
          null,
          1,
          0,
          0,
          null,
          null,
          null,
          1,
          2,
          null,
          null,
          null,
          1,
          1,
          1,
          null,
          0,
          null,
          null,
          null,
          null,
          1,
          1,
          1,
          null,
          null,
          null,
          1,
          1,
          1,
          null,
          null,
          null,
          1,
          0,
          0,
          0,
          0,
          null,
          0,
          null,
          null,
          null,
          null,
          1,
          0,
          0,
          0,
          null,
          0,
          null,
          null,
          null,
          null,
          1,
          0,
          0,
          0,
          0,
          null,
          null,
          0,
          null,
          null,
          null,
          1,
          0,
          0,
          null,
          0,
          0,
          null,
          null,
          null,
          null,
          1,
          0,
          0,
          0,
          0,
          null,
          0,
          null,
          null,
          null,
          null,
          1,
          0,
          0,
          0,
          null,
          0,
          null,
          null,
          null,
          1,
          null,
          1,
          6,
          5,
          null,
          null,
          1,
          1,
          null,
          null,
          1,
          0,
          null,
          null
        ]
      },
      "/Users/dawson/Farmboard/farm_board_be/app/controllers/application_controller.rb": {
        "lines": [
          1,
          1,
          1,
          1,
          1,
          null,
          1,
          3,
          null,
          null,
          1,
          1,
          null,
          null,
          1,
          null,
          1,
          null,
          1,
          0,
          0,
          null,
          null,
          null
        ]
      },
      "/Users/dawson/Farmboard/farm_board_be/spec/requests/api/v1/farms_request_spec.rb": {
        "lines": [
          1,
          null,
          1,
          1,
          6,
          6,
          6,
          null,
          6,
          6,
          null,
          null,
          1,
          1,
          1,
          null,
          1,
          1,
          1,
          1,
          1,
          1,
          1,
          1,
          null,
          null,
          1,
          1,
          null,
          1,
          1,
          1,
          1,
          1,
          1,
          1,
          1,
          null,
          null,
          null,
          1,
          1,
          1,
          null,
          1,
          null,
          1,
          null,
          1,
          null,
          1,
          null,
          null,
          1,
          1,
          1,
          null,
          1,
          null,
          null,
          null,
          1,
          1,
          1,
          null,
          1,
          1,
          null,
          null,
          1,
          1,
          null,
          1,
          null,
          null,
          null
        ]
      },
      "/Users/dawson/Farmboard/farm_board_be/spec/requests/api/v1/postings_request_spec.rb": {
        "lines": [
          1,
          null,
          1,
          1,
          8,
          8,
          8,
          null,
          8,
          8,
          null,
          8,
          8,
          null,
          null,
          1,
          1,
          1,
          null,
          1,
          null,
          1,
          null,
          1,
          2,
          2,
          2,
          2,
          2,
          2,
          2,
          2,
          2,
          null,
          null,
          null,
          null,
          1,
          1,
          1,
          1,
          null,
          1,
          1,
          1,
          1,
          1,
          1,
          1,
          1,
          1,
          1,
          1,
          null,
          null,
          null,
          1,
          1,
          1,
          null,
          1,
          null,
          null,
          null,
          null,
          1,
          1,
          1,
          null,
          1,
          null,
          null,
          1,
          null,
          1,
          null,
          null,
          null,
          1,
          1,
          null,
          1,
          null,
          null,
          1,
          null,
          1,
          null,
          null,
          null,
          null,
          1,
          1,
          1,
          1,
          null,
          1,
          null,
          1,
          1,
          1,
          1,
          1,
          1,
          null,
          null,
          null,
          null,
          1,
          1,
          1,
          1,
          null,
          1,
          null,
          1,
          1,
          null,
          null,
          null,
          1,
          1,
          1,
          null,
          1,
          1,
          null,
          null,
          null,
          null
        ]
      },
      "/Users/dawson/Farmboard/farm_board_be/spec/requests/api/v1/reference_request_spec.rb": {
        "lines": [
          1,
          null,
          1,
          1,
          9,
          9,
          9,
          null,
          9,
          9,
          9,
          null,
          9,
          9,
          null,
          null,
          1,
          1,
          1,
          null,
          1,
          1,
          1,
          null,
          null,
          null,
          1,
          1,
          1,
          null,
          1,
          1,
          1,
          null,
          null,
          1,
          1,
          null,
          1,
          null,
          null,
          null,
          1,
          1,
          null,
          1,
          null,
          null,
          null,
          null,
          null,
          1,
          1,
          1,
          1,
          null,
          null,
          1,
          1,
          1,
          1,
          null,
          null,
          null,
          1,
          1,
          1,
          1,
          null,
          1,
          1,
          1,
          null,
          null,
          1,
          1,
          null,
          1,
          null,
          null,
          null,
          1,
          1,
          1,
          null,
          1,
          1,
          null,
          null,
          1,
          1,
          null,
          1,
          null,
          null,
          null
        ]
      },
      "/Users/dawson/Farmboard/farm_board_be/spec/requests/photo_spec.rb": {
        "lines": [
          1,
          1,
          null,
          1,
          1,
          null,
          1,
          null,
          1,
          null,
          null,
          null,
          null,
          null,
          null,
          1,
          null,
          1,
          1,
          1,
          null,
          1,
          null,
          null,
          null,
          null,
          null,
          null,
          1,
          null,
          null,
          null,
          null,
          null,
          null,
          1,
          null,
          null
        ]
      },
      "/Users/dawson/Farmboard/farm_board_be/app/controllers/api/v1/accommodations_controller.rb": {
        "lines": [
          1,
          1,
          null,
          1,
          null,
          2,
          null,
          null,
          null,
          1,
          null,
          1,
          1,
          1,
          null,
          null,
          null,
          1,
          null,
          1,
          1,
          null,
          null,
          null,
          1,
          null,
          1,
          null,
          null,
          null,
          1,
          null,
          1,
          6,
          5,
          null,
          null,
          1,
          2,
          null,
          null
        ]
      },
      "/Users/dawson/Farmboard/farm_board_be/app/serializers/accommodations_serializer.rb": {
        "lines": [
          1,
          1,
          1,
          null
        ]
      },
      "/Users/dawson/Farmboard/farm_board_be/app/serializers/error_serializer.rb": {
        "lines": [
          1,
          1,
          4,
          null,
          null,
          1,
          null,
          4,
          null,
          null,
          null,
          null,
          null,
          null,
          null,
          null
        ]
      },
      "/Users/dawson/Farmboard/farm_board_be/app/controllers/api/v1/employees_controller.rb": {
        "lines": [
          1,
          1,
          null,
          1,
          0,
          0,
          0,
          0,
          null,
          null,
          null,
          0,
          null,
          null,
          0,
          null,
          0,
          null,
          null,
          null,
          null,
          null,
          0,
          null,
          null,
          1,
          0,
          0,
          null,
          null,
          1,
          2,
          null,
          null,
          1,
          1,
          1,
          null,
          0,
          null,
          null,
          null,
          null,
          1,
          0,
          0,
          null,
          null,
          null,
          1,
          0,
          0,
          null,
          0,
          0,
          null,
          0,
          null,
          null,
          null,
          1,
          null,
          1,
          3,
          3,
          null,
          null,
          1,
          1,
          null,
          null,
          null,
          null,
          null
        ]
      },
      "/Users/dawson/Farmboard/farm_board_be/app/serializers/employee_serializer.rb": {
        "lines": [
          1,
          1,
          1,
          1,
          null
        ]
      },
      "/Users/dawson/Farmboard/farm_board_be/app/controllers/api/v1/experiences_controller.rb": {
        "lines": [
          1,
          1,
          null,
          1,
          1,
          null,
          null,
          1,
          null,
          2,
          1,
          1,
          1,
          null,
          0,
          null,
          null,
          null,
          1,
          null,
          2,
          2,
          1,
          null,
          0,
          null,
          1,
          1,
          null,
          null,
          null,
          1,
          null,
          1,
          1,
          1,
          null,
          0,
          null,
          0,
          0,
          null,
          0,
          null,
          null,
          null,
          1,
          null,
          2,
          1,
          1,
          null,
          0,
          null,
          1,
          1,
          null,
          0,
          null,
          null,
          null,
          1,
          null,
          1,
          8,
          8,
          null,
          null,
          1,
          3,
          null,
          null
        ]
      },
      "/Users/dawson/Farmboard/farm_board_be/app/serializers/experience_serializer.rb": {
        "lines": [
          1,
          1,
          1,
          null
        ]
      },
      "/Users/dawson/Farmboard/farm_board_be/app/serializers/farm_serializer.rb": {
        "lines": [
          1,
          1,
          1,
          1,
          null
        ]
      },
      "/Users/dawson/Farmboard/farm_board_be/app/controllers/api/v1/postings_controller.rb": {
        "lines": [
          1,
          1,
          null,
          1,
          0,
          0,
          null,
          0,
          0,
          null,
          0,
          0,
          null,
          0,
          0,
          null,
          0,
          0,
          null,
          null,
          null,
          null,
          1,
          0,
          0,
          null,
          0,
          0,
          0,
          0,
          0,
          null,
          null,
          0,
          null,
          null,
          1,
          1,
          1,
          null,
          null,
          1,
          2,
          1,
          null,
          null,
          1,
          2,
          2,
          1,
          null,
          null,
          1,
          1,
          1,
          1,
          null,
          null,
          1,
          1,
          1,
          1,
          1,
          null,
          null,
          1,
          null,
          1,
          7,
          7,
          null,
          null,
          1,
          3,
          null,
          null,
          null,
          null,
          null
        ]
      },
      "/Users/dawson/Farmboard/farm_board_be/app/serializers/postings_serializer.rb": {
        "lines": [
          1,
          1,
          1,
          null
        ]
      },
      "/Users/dawson/Farmboard/farm_board_be/app/controllers/api/v1/references_controller.rb": {
        "lines": [
          1,
          1,
          null,
          1,
          1,
          null,
          null,
          1,
          null,
          2,
          1,
          1,
          1,
          null,
          null,
          null,
          1,
          null,
          2,
          2,
          1,
          null,
          0,
          null,
          1,
          1,
          null,
          null,
          null,
          1,
          2,
          1,
          1,
          null,
          0,
          null,
          null,
          1,
          null,
          0,
          null,
          null,
          1,
          2,
          1,
          1,
          null,
          0,
          null,
          null,
          1,
          null,
          0,
          null,
          null,
          1,
          null,
          1,
          3,
          null,
          null,
          1,
          9,
          9,
          null,
          null
        ]
      },
      "/Users/dawson/Farmboard/farm_board_be/app/serializers/reference_serializer.rb": {
        "lines": [
          1,
          1,
          1,
          null
        ]
      }
    },
    "timestamp": 1726177453
  }
}
